<?xml version="1.0" encoding="utf-8"?><testsuites><testsuite name="pytest" errors="0" failures="0" skipped="0" tests="4" time="0.918" timestamp="2024-08-17T15:33:48.577199+00:00" hostname="4bf63e2f3339"><testcase classname="test_minio_client" name="test_upload_and_download_object" time="0.164" /><testcase classname="test_minio_client" name="test_list_objects" time="0.150" /><testcase classname="test_minio_client" name="test_delete_object" time="0.156" /><testcase classname="test_minio_client" name="test_create_existing_bucket" time="0.078" /></testsuite></testsuites>